(poptorch_env) sraskar@gc-poplar-01:/lambda_stor/homes/sraskar/workspace/graphcore/gc-pod/gnn-dataflow/platform/graphcore/models/schnet_pytorch$ python train.py 
Downloading https://data.pyg.org/datasets/qm9_v3.zip
Extracting data/qm9/raw/qm9_v3.zip
Processing...
Using a pre-processed version of the dataset. Please install 'rdkit' to alternatively process the raw data.
Done!
130831
Number of test molecules: 10000
Number of validation molecules: 10000
Number of training molecules: 110831
Graph compilation: 100%|███████████████████████████████████████████████████████████████████████████████████████████████████████████████████████████████████████████████████████████████████| 100/100 [00:00<00:00]
WARNING: The compile time engine option debug.branchRecordTile is set to "23551" when creating the Engine. (At compile-tile it was set to 1471)
Epoch 0 loss: 0.406632: 100%|█████████████████████████████████████████████████████████████████████████████████████████████████████████████████████████████████████████████████████| 30/30 [00:03<00:00,  9.94it/s]
Epoch 1 loss: 0.326527: 100%|█████████████████████████████████████████████████████████████████████████████████████████████████████████████████████████████████████████████████████| 30/30 [00:03<00:00,  9.25it/s]
Epoch 2 loss: 0.280911: 100%|█████████████████████████████████████████████████████████████████████████████████████████████████████████████████████████████████████████████████████| 30/30 [00:02<00:00, 11.72it/s]
Epoch 3 loss: 0.286452: 100%|█████████████████████████████████████████████████████████████████████████████████████████████████████████████████████████████████████████████████████| 30/30 [00:03<00:00,  8.94it/s]
Epoch 4 loss: 0.249712: 100%|█████████████████████████████████████████████████████████████████████████████████████████████████████████████████████████████████████████████████████| 30/30 [00:02<00:00, 10.15it/s]
Epoch 5 loss: 0.235491: 100%|█████████████████████████████████████████████████████████████████████████████████████████████████████████████████████████████████████████████████████| 30/30 [00:02<00:00, 11.30it/s]
Epoch 6 loss: 0.201647: 100%|█████████████████████████████████████████████████████████████████████████████████████████████████████████████████████████████████████████████████████| 30/30 [00:02<00:00, 11.54it/s]
Epoch 7 loss: 0.198115: 100%|█████████████████████████████████████████████████████████████████████████████████████████████████████████████████████████████████████████████████████| 30/30 [00:02<00:00, 10.76it/s]
Epoch 8 loss: 0.183749: 100%|█████████████████████████████████████████████████████████████████████████████████████████████████████████████████████████████████████████████████████| 30/30 [00:02<00:00, 10.53it/s]
Epoch 9 loss: 0.165627: 100%|█████████████████████████████████████████████████████████████████████████████████████████████████████████████████████████████████████████████████████| 30/30 [00:02<00:00, 10.25it/s]
Epoch 10 loss: 0.149473: 100%|████████████████████████████████████████████████████████████████████████████████████████████████████████████████████████████████████████████████████| 30/30 [00:02<00:00, 10.44it/s]
Epoch 11 loss: 0.140291: 100%|████████████████████████████████████████████████████████████████████████████████████████████████████████████████████████████████████████████████████| 30/30 [00:03<00:00,  9.88it/s]
Epoch 12 loss: 0.128390: 100%|████████████████████████████████████████████████████████████████████████████████████████████████████████████████████████████████████████████████████| 30/30 [00:03<00:00,  9.96it/s]
Epoch 13 loss: 0.143469: 100%|████████████████████████████████████████████████████████████████████████████████████████████████████████████████████████████████████████████████████| 30/30 [00:02<00:00, 10.33it/s]
Epoch 14 loss: 0.116591: 100%|████████████████████████████████████████████████████████████████████████████████████████████████████████████████████████████████████████████████████| 30/30 [00:02<00:00, 10.45it/s]
Epoch 15 loss: 0.107413: 100%|████████████████████████████████████████████████████████████████████████████████████████████████████████████████████████████████████████████████████| 30/30 [00:03<00:00,  9.65it/s]
Epoch 16 loss: 0.108393: 100%|████████████████████████████████████████████████████████████████████████████████████████████████████████████████████████████████████████████████████| 30/30 [00:03<00:00,  9.94it/s]
Epoch 17 loss: 0.109611: 100%|████████████████████████████████████████████████████████████████████████████████████████████████████████████████████████████████████████████████████| 30/30 [00:02<00:00, 10.04it/s]
Epoch 18 loss: 0.089127: 100%|████████████████████████████████████████████████████████████████████████████████████████████████████████████████████████████████████████████████████| 30/30 [00:02<00:00, 10.53it/s]
Epoch 19 loss: 0.093046: 100%|████████████████████████████████████████████████████████████████████████████████████████████████████████████████████████████████████████████████████| 30/30 [00:03<00:00,  9.28it/s]
Epoch 20 loss: 0.083203: 100%|████████████████████████████████████████████████████████████████████████████████████████████████████████████████████████████████████████████████████| 30/30 [00:03<00:00,  9.72it/s]
Epoch 21 loss: 0.078133: 100%|████████████████████████████████████████████████████████████████████████████████████████████████████████████████████████████████████████████████████| 30/30 [00:02<00:00, 10.51it/s]
Epoch 22 loss: 0.073451: 100%|████████████████████████████████████████████████████████████████████████████████████████████████████████████████████████████████████████████████████| 30/30 [00:03<00:00,  9.96it/s]
Epoch 23 loss: 0.077057: 100%|████████████████████████████████████████████████████████████████████████████████████████████████████████████████████████████████████████████████████| 30/30 [00:02<00:00, 10.49it/s]
Epoch 24 loss: 0.069117: 100%|████████████████████████████████████████████████████████████████████████████████████████████████████████████████████████████████████████████████████| 30/30 [00:03<00:00,  9.58it/s]
Epoch 25 loss: 0.061229: 100%|████████████████████████████████████████████████████████████████████████████████████████████████████████████████████████████████████████████████████| 30/30 [00:03<00:00,  9.74it/s]
Epoch 26 loss: 0.064910: 100%|████████████████████████████████████████████████████████████████████████████████████████████████████████████████████████████████████████████████████| 30/30 [00:02<00:00, 10.24it/s]
Epoch 27 loss: 0.057354: 100%|████████████████████████████████████████████████████████████████████████████████████████████████████████████████████████████████████████████████████| 30/30 [00:02<00:00, 10.69it/s]
Epoch 28 loss: 0.070222: 100%|████████████████████████████████████████████████████████████████████████████████████████████████████████████████████████████████████████████████████| 30/30 [00:02<00:00, 10.80it/s]
Epoch 29 loss: 0.056024: 100%|████████████████████████████████████████████████████████████████████████████████████████████████████████████████████████████████████████████████████| 30/30 [00:02<00:00, 10.88it/s]
(poptorch_env) sraskar@gc-poplar-01:/lambda_stor/homes/sraskar/workspace/graphcore/gc-pod/gnn-dataflow/platform/graphcore/models/schnet_pytorch$ 
